<?xml version="1.0" encoding="UTF-8"?>
<!-- Generated by org.testng.reporters.JUnitReportReporter -->
<testsuite hostname="virendev" failures="0" tests="1" name="NaukriResumeRefresher" time="21.286" errors="0" timestamp="2025-07-15T01:35:22 IST" skipped="0">
  <testcase classname="NaukriResumeRefresher" name="refreshResume" time="21.286"/>
</testsuite> <!-- NaukriResumeRefresher -->
