<?xml version="1.0" encoding="UTF-8"?>
<!-- Generated by org.testng.reporters.JUnitReportReporter -->
<testsuite hostname="virendev" failures="0" tests="1" name="NaukriResumeRefresher" time="20.850" errors="0" timestamp="2025-07-15T01:02:08 IST" skipped="0">
  <testcase classname="NaukriResumeRefresher" name="refreshResume" time="20.850"/>
</testsuite> <!-- NaukriResumeRefresher -->
